<?xml version="1.0" encoding="UTF-8"?>
<!-- Generated by org.testng.reporters.JUnitReportReporter -->
<testsuite skipped="0" hostname="arkas-MBP" name="com.qa.PolyMorphismTestUsingTestNG.Family_Test_Class" tests="1" failures="0" timestamp="24 Jun 2018 06:07:34 GMT" time="0.015" errors="0">
  <testcase name="PolyMorphism" time="0.015" classname="com.qa.PolyMorphismTestUsingTestNG.Family_Test_Class"/>
</testsuite> <!-- com.qa.PolyMorphismTestUsingTestNG.Family_Test_Class -->
